<?xml version="1.0" encoding="UTF-8"?>
<!-- Generated by org.testng.reporters.JUnitReportReporter -->
<testsuite hostname="DESKTOP-UDJP242" failures="0" tests="1" name="com.juaracoding.pageobject.TestForm" time="2.793" errors="0" timestamp="2022-08-22T20:20:24 WIB" skipped="0">
  <testcase classname="com.juaracoding.pageobject.TestForm" name="testForm" time="2.793"/>
  <system-out/>
</testsuite> <!-- com.juaracoding.pageobject.TestForm -->
