<?xml version="1.0" encoding="UTF-8"?>
<!-- Generated by org.testng.reporters.JUnitReportReporter -->
<testsuite hostname="DESKTOP-UDJP242" failures="0" tests="2" name="com.juaracoding.pageobject.TestAlert" time="5.162" errors="0" timestamp="2022-08-17T16:03:01 WIB" skipped="0">
  <testcase classname="com.juaracoding.pageobject.TestAlert" name="testAlertOne" time="2.608"/>
  <system-out/>
  <testcase classname="com.juaracoding.pageobject.TestAlert" name="testAlertTwo" time="2.554"/>
  <system-out/>
</testsuite> <!-- com.juaracoding.pageobject.TestAlert -->
