<?xml version="1.0" encoding="UTF-8"?>
<!-- Generated by org.testng.reporters.JUnitReportReporter -->
<testsuite hostname="DESKTOP-UDJP242" failures="0" tests="1" name="com.juaracoding.pageobject.TestModal" time="1.381" errors="0" timestamp="2022-08-18T19:49:38 WIB" skipped="0">
  <testcase classname="com.juaracoding.pageobject.TestModal" name="testModal" time="1.381"/>
  <system-out/>
</testsuite> <!-- com.juaracoding.pageobject.TestModal -->
