<?xml version="1.0" encoding="UTF-8"?>
<!-- Generated by org.testng.reporters.JUnitReportReporter -->
<testsuite hostname="DESKTOP-UDJP242" failures="0" tests="1" name="com.juaracoding.pageobject.TestRandomPokemon" time="0.893" errors="0" timestamp="2022-08-23T13:30:37 WIB" skipped="0">
  <testcase classname="com.juaracoding.pageobject.TestRandomPokemon" name="testGeneratePokemon" time="0.893"/>
  <system-out/>
</testsuite> <!-- com.juaracoding.pageobject.TestRandomPokemon -->
