<?xml version="1.0" encoding="UTF-8"?>
<!-- Generated by org.testng.reporters.JUnitReportReporter -->
<testsuite hostname="DESKTOP-UDJP242" failures="0" tests="1" name="com.juaracoding.pageobject.TestFrame" time="1.532" errors="0" timestamp="2022-08-16T20:01:15 WIB" skipped="0">
  <testcase classname="com.juaracoding.pageobject.TestFrame" name="testframe" time="1.532"/>
  <system-out/>
</testsuite> <!-- com.juaracoding.pageobject.TestFrame -->
