<?xml version="1.0" encoding="UTF-8"?>
<!-- Generated by org.testng.reporters.JUnitReportReporter -->
<testsuite hostname="DESKTOP-UDJP242" failures="0" tests="1" name="com.juaracoding.pageobject.TestSearch" time="4.204" errors="0" timestamp="2022-08-23T09:34:32 WIB" skipped="0">
  <testcase classname="com.juaracoding.pageobject.TestSearch" name="testsearch" time="4.204"/>
  <system-out/>
</testsuite> <!-- com.juaracoding.pageobject.TestSearch -->
